<?xml version="1.0" encoding="UTF-8"?>
<!-- Generated by org.testng.reporters.JUnitReportReporter -->
<testsuite hostname="DESKTOP-9EV5ACN" failures="0" tests="1" name="assertion" time="20.837" errors="0" timestamp="2024-02-22T16:28:15 IST" skipped="0">
  <testcase classname="assertion" name="test" time="20.837"/>
</testsuite> <!-- assertion -->
